<?xml version="1.0" encoding="UTF-8"?>
<!-- Generated by org.testng.reporters.JUnitXMLReporter -->
<testsuite ignored="2" hostname="LAPTOP-7ITKF1PV" failures="0" tests="2" name="TestRunner-2" time="0.051" errors="0" timestamp="2022-08-18T10:56:11 IST">
  <testcase classname="com.tms.comcast.genericutility.BaseClass1" name="@BeforeClass ConfigBC" time="-1.660800371375E9">
    <failure type="org.testng.TestNGException" message="
Parameter &amp;apos;BROWSER&amp;apos; is required by BeforeClass on method ConfigBC but has not been marked @Optional or defined
in C:\Users\PRASHANT\eclipse-workspace\Basavaraj\SDET38_VIAJE\parallelExecutiontestng.xml">
      <![CDATA[org.testng.TestNGException: 
Parameter 'BROWSER' is required by BeforeClass on method ConfigBC but has not been marked @Optional or defined
in C:\Users\PRASHANT\eclipse-workspace\Basavaraj\SDET38_VIAJE\parallelExecutiontestng.xml
at java.base/java.util.ArrayList.forEach(ArrayList.java:1511)
at java.base/java.util.concurrent.FutureTask.run(FutureTask.java:264)
at java.base/java.util.concurrent.ThreadPoolExecutor.runWorker(ThreadPoolExecutor.java:1136)
at java.base/java.util.concurrent.ThreadPoolExecutor$Worker.run(ThreadPoolExecutor.java:635)
at java.base/java.lang.Thread.run(Thread.java:833)
... Removed 13 stack frames]]>
    </failure>
  </testcase> <!-- @BeforeClass ConfigBC -->
  <testcase classname="com.tms.comcast.genericutility.BaseClass1" name="@AfterClass configAC" time="-1.6608003714E9">
    <skipped/>
  </testcase> <!-- @AfterClass configAC -->
  <testcase classname="com.tms.comcast.genericutility.BaseClass1" name="@BeforeClass ConfigBC" time="-1.660800371403E9">
    <failure type="org.testng.TestNGException" message="
Parameter &amp;apos;BROWSER&amp;apos; is required by BeforeClass on method ConfigBC but has not been marked @Optional or defined
in C:\Users\PRASHANT\eclipse-workspace\Basavaraj\SDET38_VIAJE\parallelExecutiontestng.xml">
      <![CDATA[org.testng.TestNGException: 
Parameter 'BROWSER' is required by BeforeClass on method ConfigBC but has not been marked @Optional or defined
in C:\Users\PRASHANT\eclipse-workspace\Basavaraj\SDET38_VIAJE\parallelExecutiontestng.xml
at java.base/java.util.ArrayList.forEach(ArrayList.java:1511)
at java.base/java.util.concurrent.FutureTask.run(FutureTask.java:264)
at java.base/java.util.concurrent.ThreadPoolExecutor.runWorker(ThreadPoolExecutor.java:1136)
at java.base/java.util.concurrent.ThreadPoolExecutor$Worker.run(ThreadPoolExecutor.java:635)
at java.base/java.lang.Thread.run(Thread.java:833)
... Removed 13 stack frames]]>
    </failure>
  </testcase> <!-- @BeforeClass ConfigBC -->
  <testcase classname="com.tms.comcast.genericutility.BaseClass1" name="@AfterClass configAC" time="-1.660800371409E9">
    <skipped/>
  </testcase> <!-- @AfterClass configAC -->
  <testcase classname="com.SDET38.VIEJE.TESTNG.manageVerification1Test" name="tourPackageTest" time="0.0">
    <skipped/>
  </testcase> <!-- tourPackageTest -->
  <testcase classname="com.SDET38.VIEJE.TESTNG.updatePage1Test" name="privacyPageTest" time="0.0">
    <skipped/>
  </testcase> <!-- privacyPageTest -->
  <testcase classname="com.tms.comcast.genericutility.BaseClass1" name="@AfterSuite AS" time="0.0">
    <ignored/>
  </testcase> <!-- @AfterSuite AS -->
  <testcase classname="com.tms.comcast.genericutility.BaseClass1" name="@BeforeSuite ConfigBS" time="0.0">
    <ignored/>
  </testcase> <!-- @BeforeSuite ConfigBS -->
</testsuite> <!-- TestRunner-2 -->
